Loading apps/binapps/pytorch/2.6.0-312-gpu-cu124
  Loading requirement: apps/binapps/anaconda3/2024.10
Job is using 2 GPU(s) with ID(s) 0,1 and 1 CPU core(s)
/tmp/slurm.11985279
/tmp/slurm.11985279
neurons_n: 1024
batch_n: 1024
training_epochs: 25
weights_name: None
weights_load: None
uniform_init: 1.0
Using 2 GPUs!
11:50:10
Training...
Testing...
49.937500
Training...
Testing...
49.937500
Training...
Testing...
49.968750
Training...
Testing...
49.937500
Training...
Testing...
49.906250
Training...
Testing...
50.031250
Training...
Testing...
50.062500
Training...
Testing...
49.968750
Training...
Testing...
50.000000
Training...
Testing...
49.937500
Training...
Testing...
49.968750
Training...
Testing...
50.000000
Training...
Testing...
49.937500
Training...
Testing...
49.906250
Training...
Testing...
50.031250
Training...
Testing...
49.968750
Training...
Testing...
50.031250
Training...
Testing...
50.000000
Training...
Testing...
50.000000
Training...
Testing...
49.968750
Training...
Testing...
49.968750
Training...
Testing...
50.031250
Training...
Testing...
50.062500
Training...
Testing...
50.000000
Training...
Testing...
50.062500
6.8487443923950195s
