Loading apps/binapps/pytorch/2.6.0-312-gpu-cu124
  Loading requirement: apps/binapps/anaconda3/2024.10
Job is using 2 GPU(s) with ID(s) 0,1 and 1 CPU core(s)
cp: -r not specified; omitting directory '/mnt/iusers01/fse-ugpgt01/compsci01/x93125tp/scratch/30040_experiments/experiment_4_draft_cbdl/batch_jobs'
cp: -r not specified; omitting directory '/mnt/iusers01/fse-ugpgt01/compsci01/x93125tp/scratch/30040_experiments/experiment_4_draft_cbdl/__pycache__'
cp: -r not specified; omitting directory '/mnt/iusers01/fse-ugpgt01/compsci01/x93125tp/scratch/30040_experiments/experiment_4_draft_cbdl/weights'
/tmp/slurm.12031976
/tmp/slurm.12031976
neurons_n: 1024
batch_n: 1024
training_epochs: 50
weights_name: None
weights_load: None
uniform_init: 0.5
random_seed: 815248
Using 2 GPUs!
11:33:40
Training...
Testing...
0.969727
Training...
Testing...
1.159180
Training...
Testing...
26.093750
Training...
Testing...
2.029297
Training...
Testing...
1.541992
Training...
Testing...
1.287109
Training...
Testing...
1.838867
Training...
Testing...
1.660156
Training...
Testing...
2.345703
Training...
Testing...
0.863770
Training...
Testing...
0.950684
Training...
Testing...
0.919434
Training...
Testing...
1.153320
Training...
Testing...
0.717285
Training...
Testing...
0.782715
Training...
Testing...
0.695801
Training...
Testing...
0.697266
Training...
Testing...
0.702637
Training...
Testing...
0.691406
Training...
Testing...
0.710449
Training...
Testing...
0.707031
Training...
Testing...
0.691406
Training...
Testing...
0.698242
Training...
Testing...
0.698730
Training...
Testing...
0.690918
Training...
Testing...
0.704102
Training...
Testing...
0.699707
Training...
Testing...
0.699219
Training...
Testing...
0.712402
Training...
Testing...
0.707031
Training...
Testing...
0.831055
Training...
Testing...
0.728516
Training...
Testing...
0.694336
Training...
Testing...
0.826172
Training...
Testing...
0.701660
Training...
Testing...
0.777344
Training...
Testing...
0.692871
Training...
Testing...
0.741699
Training...
Testing...
0.691406
Training...
Testing...
0.709961
Training...
Testing...
0.800293
Training...
Testing...
0.715332
Training...
Testing...
0.715332
Training...
Testing...
0.709961
Training...
Testing...
0.701660
Training...
Testing...
0.691406
Training...
Testing...
0.708496
Training...
Testing...
0.693848
Training...
Testing...
0.712891
Training...
Testing...
0.726562
13.473216772079468s
