Loading apps/binapps/pytorch/2.6.0-312-gpu-cu124
  Loading requirement: apps/binapps/anaconda3/2024.10
Job is using 2 GPU(s) with ID(s) 0,1 and 1 CPU core(s)
/tmp/slurm.11985227
/tmp/slurm.11985227
neurons_n: 1024
batch_n: 1024
training_epochs: 5
weights_name: None
weights_load: None
uniform_init: 0.0
Using 2 GPUs!
11:39:16
Training...
Testing...
0.691406
Training...
Testing...
0.691406
Training...
Testing...
0.691406
Training...
Testing...
0.691406
Training...
Testing...
0.691406
1.9467127323150635s
