Loading apps/binapps/pytorch/2.6.0-312-gpu-cu124
  Loading requirement: apps/binapps/anaconda3/2024.10
Job is using 2 GPU(s) with ID(s) 0,1 and 1 CPU core(s)
cp: -r not specified; omitting directory '/mnt/iusers01/fse-ugpgt01/compsci01/x93125tp/scratch/30040_experiments/experiment_4_draft_cbdl/batch_jobs'
cp: -r not specified; omitting directory '/mnt/iusers01/fse-ugpgt01/compsci01/x93125tp/scratch/30040_experiments/experiment_4_draft_cbdl/__pycache__'
cp: -r not specified; omitting directory '/mnt/iusers01/fse-ugpgt01/compsci01/x93125tp/scratch/30040_experiments/experiment_4_draft_cbdl/weights'
/tmp/slurm.12031903
/tmp/slurm.12031903
neurons_n: 1024
batch_n: 1024
training_epochs: 50
weights_name: None
weights_load: None
uniform_init: 0.1875
random_seed: 239852
Using 2 GPUs!
11:30:03
Training...
Testing...
0.715332
Training...
Testing...
0.708496
Training...
Testing...
0.701660
Training...
Testing...
0.696289
Training...
Testing...
0.694336
Training...
Testing...
0.688477
Training...
Testing...
0.683594
Training...
Testing...
0.680664
Training...
Testing...
0.676270
Training...
Testing...
0.673340
Training...
Testing...
0.670410
Training...
Testing...
0.666504
Training...
Testing...
0.664062
Training...
Testing...
0.661621
Training...
Testing...
0.661133
Training...
Testing...
0.658691
Training...
Testing...
0.656250
Training...
Testing...
0.655273
Training...
Testing...
0.653320
Training...
Testing...
0.651855
Training...
Testing...
0.651367
Training...
Testing...
0.652344
Training...
Testing...
0.649414
Training...
Testing...
0.647949
Training...
Testing...
0.647461
Training...
Testing...
0.647461
Training...
Testing...
0.645508
Training...
Testing...
0.647949
Training...
Testing...
0.643555
Training...
Testing...
0.645020
Training...
Testing...
0.644531
Training...
Testing...
0.643555
Training...
Testing...
0.644531
Training...
Testing...
0.642090
Training...
Testing...
0.641602
Training...
Testing...
0.641602
Training...
Testing...
0.640137
Training...
Testing...
0.639648
Training...
Testing...
0.639160
Training...
Testing...
0.639160
Training...
Testing...
0.638184
Training...
Testing...
0.639160
Training...
Testing...
0.637695
Training...
Testing...
0.636719
Training...
Testing...
0.634277
Training...
Testing...
0.635742
Training...
Testing...
0.635742
Training...
Testing...
0.636719
Training...
Testing...
0.637207
Training...
Testing...
0.635254
13.381350755691528s
