Loading apps/binapps/pytorch/2.6.0-312-gpu-cu124
  Loading requirement: apps/binapps/anaconda3/2024.10
Job is using 2 GPU(s) with ID(s) 0,1 and 1 CPU core(s)
cp: -r not specified; omitting directory '/mnt/iusers01/fse-ugpgt01/compsci01/x93125tp/scratch/30040_experiments/experiment_4_draft_cbdl/batch_jobs'
cp: -r not specified; omitting directory '/mnt/iusers01/fse-ugpgt01/compsci01/x93125tp/scratch/30040_experiments/experiment_4_draft_cbdl/__pycache__'
cp: -r not specified; omitting directory '/mnt/iusers01/fse-ugpgt01/compsci01/x93125tp/scratch/30040_experiments/experiment_4_draft_cbdl/weights'
/tmp/slurm.12031905
/tmp/slurm.12031905
neurons_n: 1024
batch_n: 1024
training_epochs: 50
weights_name: None
weights_load: None
uniform_init: 0.3125
random_seed: 239852
Using 2 GPUs!
11:30:34
Training...
Testing...
0.539551
Training...
Testing...
0.508057
Training...
Testing...
0.468994
Training...
Testing...
0.450684
Training...
Testing...
0.443848
Training...
Testing...
0.438477
Training...
Testing...
0.430420
Training...
Testing...
0.426514
Training...
Testing...
0.421387
Training...
Testing...
0.417236
Training...
Testing...
0.410400
Training...
Testing...
0.411865
Training...
Testing...
0.407715
Training...
Testing...
0.409180
Training...
Testing...
0.408447
Training...
Testing...
0.398682
Training...
Testing...
0.397949
Training...
Testing...
0.398682
Training...
Testing...
0.409912
Training...
Testing...
0.406494
Training...
Testing...
0.393555
Training...
Testing...
0.415039
Training...
Testing...
0.386963
Training...
Testing...
0.388916
Training...
Testing...
0.389648
Training...
Testing...
0.385742
Training...
Testing...
0.386230
Training...
Testing...
0.389893
Training...
Testing...
0.385742
Training...
Testing...
0.384033
Training...
Testing...
0.385986
Training...
Testing...
0.382568
Training...
Testing...
0.385498
Training...
Testing...
0.381348
Training...
Testing...
0.381348
Training...
Testing...
0.383057
Training...
Testing...
0.380371
Training...
Testing...
0.381104
Training...
Testing...
0.381348
Training...
Testing...
0.379639
Training...
Testing...
0.379150
Training...
Testing...
0.379639
Training...
Testing...
0.376465
Training...
Testing...
0.376465
Training...
Testing...
0.376709
Training...
Testing...
0.376465
Training...
Testing...
0.375732
Training...
Testing...
0.374023
Training...
Testing...
0.389404
Training...
Testing...
0.373779
13.274596691131592s
