Loading apps/binapps/pytorch/2.6.0-312-gpu-cu124
  Loading requirement: apps/binapps/anaconda3/2024.10
Job is using 2 GPU(s) with ID(s) 0,1 and 1 CPU core(s)
cp: -r not specified; omitting directory '/mnt/iusers01/fse-ugpgt01/compsci01/x93125tp/scratch/30040_experiments/experiment_4_draft_cbdl/batch_jobs'
cp: -r not specified; omitting directory '/mnt/iusers01/fse-ugpgt01/compsci01/x93125tp/scratch/30040_experiments/experiment_4_draft_cbdl/__pycache__'
cp: -r not specified; omitting directory '/mnt/iusers01/fse-ugpgt01/compsci01/x93125tp/scratch/30040_experiments/experiment_4_draft_cbdl/weights'
/tmp/slurm.12031901
/tmp/slurm.12031901
neurons_n: 1024
batch_n: 1024
training_epochs: 50
weights_name: None
weights_load: None
uniform_init: 0.0625
random_seed: 239852
Using 2 GPUs!
11:29:32
Training...
Testing...
0.700684
Training...
Testing...
0.695312
Training...
Testing...
0.695801
Training...
Testing...
0.694824
Training...
Testing...
0.695312
Training...
Testing...
0.694824
Training...
Testing...
0.694824
Training...
Testing...
0.695312
Training...
Testing...
0.694824
Training...
Testing...
0.693359
Training...
Testing...
0.691406
Training...
Testing...
0.691895
Training...
Testing...
0.691406
Training...
Testing...
0.691406
Training...
Testing...
0.691406
Training...
Testing...
0.691406
Training...
Testing...
0.691406
Training...
Testing...
0.691406
Training...
Testing...
0.691406
Training...
Testing...
0.691406
Training...
Testing...
0.691406
Training...
Testing...
0.691406
Training...
Testing...
0.691406
Training...
Testing...
0.691406
Training...
Testing...
0.691406
Training...
Testing...
0.691406
Training...
Testing...
0.691406
Training...
Testing...
0.691406
Training...
Testing...
0.691406
Training...
Testing...
0.691406
Training...
Testing...
0.691406
Training...
Testing...
0.691406
Training...
Testing...
0.691406
Training...
Testing...
0.691406
Training...
Testing...
0.691406
Training...
Testing...
0.691406
Training...
Testing...
0.691406
Training...
Testing...
0.691406
Training...
Testing...
0.691406
Training...
Testing...
0.691406
Training...
Testing...
0.691406
Training...
Testing...
0.691406
Training...
Testing...
0.691406
Training...
Testing...
0.691406
Training...
Testing...
0.691406
Training...
Testing...
0.691406
Training...
Testing...
0.691406
Training...
Testing...
0.691406
Training...
Testing...
0.691406
Training...
Testing...
0.690918
13.098145723342896s
