Loading apps/binapps/pytorch/2.6.0-312-gpu-cu124
  Loading requirement: apps/binapps/anaconda3/2024.10
Job is using 2 GPU(s) with ID(s) 0,1 and 1 CPU core(s)
cp: -r not specified; omitting directory '/mnt/iusers01/fse-ugpgt01/compsci01/x93125tp/scratch/30040_experiments/experiment_4_draft_cbdl/batch_jobs'
cp: -r not specified; omitting directory '/mnt/iusers01/fse-ugpgt01/compsci01/x93125tp/scratch/30040_experiments/experiment_4_draft_cbdl/__pycache__'
cp: -r not specified; omitting directory '/mnt/iusers01/fse-ugpgt01/compsci01/x93125tp/scratch/30040_experiments/experiment_4_draft_cbdl/weights'
/tmp/slurm.12031885
/tmp/slurm.12031885
neurons_n: 1024
batch_n: 1024
training_epochs: 50
weights_name: None
weights_load: None
uniform_init: 0.5
random_seed: 910362
Using 2 GPUs!
11:29:01
Training...
Testing...
2.283203
Training...
Testing...
23.562500
Training...
Testing...
0.705078
Training...
Testing...
5.714844
Training...
Testing...
1.409180
Training...
Testing...
1.675781
Training...
Testing...
1.565430
Training...
Testing...
1.570312
Training...
Testing...
0.899902
Training...
Testing...
0.814453
Training...
Testing...
0.997559
Training...
Testing...
1.225586
Training...
Testing...
0.842285
Training...
Testing...
1.027832
Training...
Testing...
0.720703
Training...
Testing...
0.691406
Training...
Testing...
0.691406
Training...
Testing...
0.722656
Training...
Testing...
0.694336
Training...
Testing...
0.700684
Training...
Testing...
0.720215
Training...
Testing...
1.698242
Training...
Testing...
0.695312
Training...
Testing...
0.691406
Training...
Testing...
0.698730
Training...
Testing...
0.740234
Training...
Testing...
0.717285
Training...
Testing...
0.696289
Training...
Testing...
0.695801
Training...
Testing...
0.708984
Training...
Testing...
0.713379
Training...
Testing...
0.695312
Training...
Testing...
0.691406
Training...
Testing...
0.711914
Training...
Testing...
0.735840
Training...
Testing...
0.710449
Training...
Testing...
0.748535
Training...
Testing...
0.700195
Training...
Testing...
0.704590
Training...
Testing...
0.743652
Training...
Testing...
0.805176
Training...
Testing...
0.858887
Training...
Testing...
0.775391
Training...
Testing...
0.691406
Training...
Testing...
0.694824
Training...
Testing...
0.706055
Training...
Testing...
0.697266
Training...
Testing...
0.695801
Training...
Testing...
0.695801
Training...
Testing...
0.778809
13.10071873664856s
