Loading apps/binapps/pytorch/2.6.0-312-gpu-cu124
  Loading requirement: apps/binapps/anaconda3/2024.10
Job is using 2 GPU(s) with ID(s) 0,1 and 1 CPU core(s)
/tmp/slurm.11985276
/tmp/slurm.11985276
neurons_n: 1024
batch_n: 1024
training_epochs: 25
weights_name: None
weights_load: None
uniform_init: 0.25
Using 2 GPUs!
11:49:09
Training...
Testing...
0.620605
Training...
Testing...
0.586914
Training...
Testing...
0.564453
Training...
Testing...
0.547852
Training...
Testing...
0.540527
Training...
Testing...
0.528320
Training...
Testing...
0.524414
Training...
Testing...
0.517090
Training...
Testing...
0.513184
Training...
Testing...
0.508545
Training...
Testing...
0.505127
Training...
Testing...
0.503174
Training...
Testing...
0.500000
Training...
Testing...
0.497559
Training...
Testing...
0.499023
Training...
Testing...
0.492188
Training...
Testing...
0.491211
Training...
Testing...
0.489014
Training...
Testing...
0.491455
Training...
Testing...
0.489502
Training...
Testing...
0.485352
Training...
Testing...
0.495361
Training...
Testing...
0.482666
Training...
Testing...
0.482666
Training...
Testing...
0.479980
6.987692594528198s
