Loading apps/binapps/pytorch/2.6.0-312-gpu-cu124
  Loading requirement: apps/binapps/anaconda3/2024.10
Job is using 2 GPU(s) with ID(s) 0,1 and 1 CPU core(s)
cp: -r not specified; omitting directory '/mnt/iusers01/fse-ugpgt01/compsci01/x93125tp/scratch/30040_experiments/experiment_4_draft_cbdl/batch_jobs'
cp: -r not specified; omitting directory '/mnt/iusers01/fse-ugpgt01/compsci01/x93125tp/scratch/30040_experiments/experiment_4_draft_cbdl/__pycache__'
cp: -r not specified; omitting directory '/mnt/iusers01/fse-ugpgt01/compsci01/x93125tp/scratch/30040_experiments/experiment_4_draft_cbdl/weights'
/tmp/slurm.12031971
/tmp/slurm.12031971
neurons_n: 1024
batch_n: 1024
training_epochs: 50
weights_name: None
weights_load: None
uniform_init: 0.5
random_seed: 177192
Using 2 GPUs!
11:32:07
Training...
Testing...
3.154297
Training...
Testing...
2.597656
Training...
Testing...
3.574219
Training...
Testing...
1.789062
Training...
Testing...
1.307617
Training...
Testing...
3.580078
Training...
Testing...
1.194336
Training...
Testing...
1.439453
Training...
Testing...
0.949219
Training...
Testing...
0.868164
Training...
Testing...
1.504883
Training...
Testing...
0.824219
Training...
Testing...
0.695801
Training...
Testing...
0.739746
Training...
Testing...
0.704102
Training...
Testing...
0.693848
Training...
Testing...
0.708008
Training...
Testing...
0.690918
Training...
Testing...
0.694336
Training...
Testing...
0.693848
Training...
Testing...
0.693359
Training...
Testing...
0.692871
Training...
Testing...
0.732910
Training...
Testing...
0.693848
Training...
Testing...
0.716797
Training...
Testing...
0.731934
Training...
Testing...
0.693848
Training...
Testing...
0.730469
Training...
Testing...
0.739258
Training...
Testing...
0.711914
Training...
Testing...
0.710449
Training...
Testing...
0.774414
Training...
Testing...
0.711426
Training...
Testing...
0.703613
Training...
Testing...
0.707520
Training...
Testing...
0.711914
Training...
Testing...
0.695312
Training...
Testing...
0.988281
Training...
Testing...
0.687500
Training...
Testing...
0.769531
Training...
Testing...
0.766602
Training...
Testing...
0.746094
Training...
Testing...
0.712402
Training...
Testing...
0.694824
Training...
Testing...
0.703613
Training...
Testing...
0.694336
Training...
Testing...
0.984863
Training...
Testing...
0.697754
Training...
Testing...
0.718262
Training...
Testing...
0.693359
13.16569209098816s
