Loading apps/binapps/pytorch/2.6.0-312-gpu-cu124
  Loading requirement: apps/binapps/anaconda3/2024.10
Job is using 2 GPU(s) with ID(s) 0,1 and 1 CPU core(s)
cp: -r not specified; omitting directory '/mnt/iusers01/fse-ugpgt01/compsci01/x93125tp/scratch/30040_experiments/experiment_4_draft_cbdl/batch_jobs'
cp: -r not specified; omitting directory '/mnt/iusers01/fse-ugpgt01/compsci01/x93125tp/scratch/30040_experiments/experiment_4_draft_cbdl/__pycache__'
cp: -r not specified; omitting directory '/mnt/iusers01/fse-ugpgt01/compsci01/x93125tp/scratch/30040_experiments/experiment_4_draft_cbdl/weights'
/tmp/slurm.12031904
/tmp/slurm.12031904
neurons_n: 1024
batch_n: 1024
training_epochs: 50
weights_name: None
weights_load: None
uniform_init: 0.25
random_seed: 239852
Using 2 GPUs!
11:30:03
Training...
Testing...
0.620605
Training...
Testing...
0.586914
Training...
Testing...
0.564453
Training...
Testing...
0.547852
Training...
Testing...
0.540527
Training...
Testing...
0.528320
Training...
Testing...
0.524414
Training...
Testing...
0.517090
Training...
Testing...
0.513184
Training...
Testing...
0.508545
Training...
Testing...
0.505127
Training...
Testing...
0.503174
Training...
Testing...
0.500000
Training...
Testing...
0.497559
Training...
Testing...
0.499023
Training...
Testing...
0.492188
Training...
Testing...
0.491211
Training...
Testing...
0.489014
Training...
Testing...
0.491455
Training...
Testing...
0.489502
Training...
Testing...
0.485352
Training...
Testing...
0.495361
Training...
Testing...
0.482666
Training...
Testing...
0.482666
Training...
Testing...
0.479980
Training...
Testing...
0.479736
Training...
Testing...
0.479248
Training...
Testing...
0.481934
Training...
Testing...
0.479004
Training...
Testing...
0.477051
Training...
Testing...
0.479492
Training...
Testing...
0.476562
Training...
Testing...
0.476074
Training...
Testing...
0.474854
Training...
Testing...
0.474121
Training...
Testing...
0.476318
Training...
Testing...
0.474121
Training...
Testing...
0.474365
Training...
Testing...
0.472900
Training...
Testing...
0.473145
Training...
Testing...
0.472656
Training...
Testing...
0.472168
Training...
Testing...
0.470947
Training...
Testing...
0.471436
Training...
Testing...
0.471436
Training...
Testing...
0.470947
Training...
Testing...
0.472412
Training...
Testing...
0.469727
Training...
Testing...
0.476074
Training...
Testing...
0.469238
13.113616704940796s
