Loading apps/binapps/pytorch/2.6.0-312-gpu-cu124
  Loading requirement: apps/binapps/anaconda3/2024.10
Job is using 2 GPU(s) with ID(s) 0,1 and 1 CPU core(s)
cp: -r not specified; omitting directory '/mnt/iusers01/fse-ugpgt01/compsci01/x93125tp/scratch/30040_experiments/experiment_4_draft_cbdl/batch_jobs'
cp: -r not specified; omitting directory '/mnt/iusers01/fse-ugpgt01/compsci01/x93125tp/scratch/30040_experiments/experiment_4_draft_cbdl/__pycache__'
cp: -r not specified; omitting directory '/mnt/iusers01/fse-ugpgt01/compsci01/x93125tp/scratch/30040_experiments/experiment_4_draft_cbdl/weights'
/tmp/slurm.12031882
/tmp/slurm.12031882
neurons_n: 1024
batch_n: 1024
training_epochs: 50
weights_name: None
weights_load: None
uniform_init: 0.5
random_seed: 272934
Using 2 GPUs!
11:28:30
Training...
Testing...
0.996582
Training...
Testing...
10.429688
Training...
Testing...
2.064453
Training...
Testing...
0.729492
Training...
Testing...
0.959961
Training...
Testing...
1.383789
Training...
Testing...
2.125000
Training...
Testing...
1.549805
Training...
Testing...
1.042480
Training...
Testing...
1.135742
Training...
Testing...
0.707520
Training...
Testing...
1.059570
Training...
Testing...
1.136719
Training...
Testing...
1.478516
Training...
Testing...
0.865723
Training...
Testing...
0.724121
Training...
Testing...
0.706543
Training...
Testing...
0.693848
Training...
Testing...
0.819336
Training...
Testing...
0.693848
Training...
Testing...
0.699219
Training...
Testing...
0.698242
Training...
Testing...
0.691406
Training...
Testing...
0.691406
Training...
Testing...
0.691406
Training...
Testing...
0.697754
Training...
Testing...
0.709473
Training...
Testing...
0.694824
Training...
Testing...
0.691406
Training...
Testing...
0.707520
Training...
Testing...
0.697266
Training...
Testing...
0.715820
Training...
Testing...
0.798340
Training...
Testing...
0.764160
Training...
Testing...
0.705078
Training...
Testing...
0.748047
Training...
Testing...
0.687988
Training...
Testing...
0.700684
Training...
Testing...
0.691406
Training...
Testing...
0.771484
Training...
Testing...
0.702148
Training...
Testing...
0.710449
Training...
Testing...
0.721680
Training...
Testing...
0.693848
Training...
Testing...
0.743652
Training...
Testing...
0.714355
Training...
Testing...
0.757812
Training...
Testing...
0.815918
Training...
Testing...
0.694824
Training...
Testing...
0.722656
13.474162101745605s
