Loading apps/binapps/pytorch/2.6.0-312-gpu-cu124
  Loading requirement: apps/binapps/anaconda3/2024.10
Job is using 2 GPU(s) with ID(s) 0,1 and 1 CPU core(s)
cp: -r not specified; omitting directory '/mnt/iusers01/fse-ugpgt01/compsci01/x93125tp/scratch/30040_experiments/experiment_4_draft_cbdl/batch_jobs'
cp: -r not specified; omitting directory '/mnt/iusers01/fse-ugpgt01/compsci01/x93125tp/scratch/30040_experiments/experiment_4_draft_cbdl/__pycache__'
cp: -r not specified; omitting directory '/mnt/iusers01/fse-ugpgt01/compsci01/x93125tp/scratch/30040_experiments/experiment_4_draft_cbdl/weights'
/tmp/slurm.12031907
/tmp/slurm.12031907
neurons_n: 1024
batch_n: 1024
training_epochs: 50
weights_name: None
weights_load: None
uniform_init: 0.4375
random_seed: 239852
Using 2 GPUs!
11:31:05
Training...
Testing...
0.268066
Training...
Testing...
0.296387
Training...
Testing...
0.238647
Training...
Testing...
0.228394
Training...
Testing...
0.227905
Training...
Testing...
0.229858
Training...
Testing...
0.234863
Training...
Testing...
0.227905
Training...
Testing...
0.228027
Training...
Testing...
0.231445
Training...
Testing...
0.221924
Training...
Testing...
0.225098
Training...
Testing...
0.226196
Training...
Testing...
0.225830
Training...
Testing...
0.235840
Training...
Testing...
0.225830
Training...
Testing...
0.224854
Training...
Testing...
0.223267
Training...
Testing...
0.250732
Training...
Testing...
0.271240
Training...
Testing...
0.201660
Training...
Testing...
0.190796
Training...
Testing...
0.183838
Training...
Testing...
0.185791
Training...
Testing...
0.184937
Training...
Testing...
0.188721
Training...
Testing...
0.185913
Training...
Testing...
0.187012
Training...
Testing...
0.185669
Training...
Testing...
0.188965
Training...
Testing...
0.187134
Training...
Testing...
0.184692
Training...
Testing...
0.195801
Training...
Testing...
0.181396
Training...
Testing...
0.179077
Training...
Testing...
0.197388
Training...
Testing...
0.189453
Training...
Testing...
0.181030
Training...
Testing...
0.181641
Training...
Testing...
0.179810
Training...
Testing...
0.181396
Training...
Testing...
0.182007
Training...
Testing...
0.182251
Training...
Testing...
0.182373
Training...
Testing...
0.181274
Training...
Testing...
0.182617
Training...
Testing...
0.181396
Training...
Testing...
0.183105
Training...
Testing...
0.199341
Training...
Testing...
0.189331
13.273138284683228s
