Loading apps/binapps/pytorch/2.6.0-312-gpu-cu124
  Loading requirement: apps/binapps/anaconda3/2024.10
Job is using 2 GPU(s) with ID(s) 0,1 and 1 CPU core(s)
cp: -r not specified; omitting directory '/mnt/iusers01/fse-ugpgt01/compsci01/x93125tp/scratch/30040_experiments/experiment_4_draft_cbdl/batch_jobs'
cp: -r not specified; omitting directory '/mnt/iusers01/fse-ugpgt01/compsci01/x93125tp/scratch/30040_experiments/experiment_4_draft_cbdl/__pycache__'
cp: -r not specified; omitting directory '/mnt/iusers01/fse-ugpgt01/compsci01/x93125tp/scratch/30040_experiments/experiment_4_draft_cbdl/weights'
/tmp/slurm.12031969
/tmp/slurm.12031969
neurons_n: 1024
batch_n: 1024
training_epochs: 50
weights_name: None
weights_load: None
uniform_init: 0.5
random_seed: 159102
Using 2 GPUs!
11:31:40
Training...
Testing...
2.804688
Training...
Testing...
2.300781
Training...
Testing...
1.774414
Training...
Testing...
1.861328
Training...
Testing...
0.947266
Training...
Testing...
0.929199
Training...
Testing...
0.857422
Training...
Testing...
0.937012
Training...
Testing...
1.359375
Training...
Testing...
0.709473
Training...
Testing...
0.725586
Training...
Testing...
0.767090
Training...
Testing...
0.764648
Training...
Testing...
0.704590
Training...
Testing...
0.707031
Training...
Testing...
0.694824
Training...
Testing...
0.708496
Training...
Testing...
0.723633
Training...
Testing...
0.708008
Training...
Testing...
0.713379
Training...
Testing...
0.722656
Training...
Testing...
0.694336
Training...
Testing...
0.727051
Training...
Testing...
0.701660
Training...
Testing...
0.871582
Training...
Testing...
0.691406
Training...
Testing...
0.691406
Training...
Testing...
0.693848
Training...
Testing...
0.694824
Training...
Testing...
0.747559
Training...
Testing...
0.703125
Training...
Testing...
0.691406
Training...
Testing...
0.742188
Training...
Testing...
0.718262
Training...
Testing...
0.691406
Training...
Testing...
0.693359
Training...
Testing...
0.701172
Training...
Testing...
0.706543
Training...
Testing...
0.720703
Training...
Testing...
0.728027
Training...
Testing...
0.745117
Training...
Testing...
0.748047
Training...
Testing...
0.691406
Training...
Testing...
0.722656
Training...
Testing...
0.763672
Training...
Testing...
0.711914
Training...
Testing...
0.694824
Training...
Testing...
0.698242
Training...
Testing...
0.695312
Training...
Testing...
0.689941
13.39353609085083s
