Loading apps/binapps/pytorch/2.6.0-312-gpu-cu124
  Loading requirement: apps/binapps/anaconda3/2024.10
Job is using 2 GPU(s) with ID(s) 0,1 and 1 CPU core(s)
cp: -r not specified; omitting directory '/mnt/iusers01/fse-ugpgt01/compsci01/x93125tp/scratch/30040_experiments/experiment_4_draft_cbdl/batch_jobs'
cp: -r not specified; omitting directory '/mnt/iusers01/fse-ugpgt01/compsci01/x93125tp/scratch/30040_experiments/experiment_4_draft_cbdl/__pycache__'
cp: -r not specified; omitting directory '/mnt/iusers01/fse-ugpgt01/compsci01/x93125tp/scratch/30040_experiments/experiment_4_draft_cbdl/weights'
/tmp/slurm.12031968
/tmp/slurm.12031968
neurons_n: 1024
batch_n: 1024
training_epochs: 50
weights_name: None
weights_load: None
uniform_init: 0.5
random_seed: 66999
Using 2 GPUs!
11:31:36
Training...
Testing...
1.752930
Training...
Testing...
8.984375
Training...
Testing...
12.921875
Training...
Testing...
2.113281
Training...
Testing...
0.904785
Training...
Testing...
1.503906
Training...
Testing...
12.148438
Training...
Testing...
1.601562
Training...
Testing...
1.304688
Training...
Testing...
1.138672
Training...
Testing...
1.392578
Training...
Testing...
0.832031
Training...
Testing...
0.696289
Training...
Testing...
0.694336
Training...
Testing...
0.784668
Training...
Testing...
0.706543
Training...
Testing...
0.721191
Training...
Testing...
0.695312
Training...
Testing...
0.696777
Training...
Testing...
0.695801
Training...
Testing...
0.699219
Training...
Testing...
0.714355
Training...
Testing...
0.729004
Training...
Testing...
0.745117
Training...
Testing...
0.720215
Training...
Testing...
0.909180
Training...
Testing...
0.707520
Training...
Testing...
0.691406
Training...
Testing...
0.695312
Training...
Testing...
0.695312
Training...
Testing...
0.751465
Training...
Testing...
0.709961
Training...
Testing...
0.695801
Training...
Testing...
0.817871
Training...
Testing...
0.692383
Training...
Testing...
0.691406
Training...
Testing...
0.708984
Training...
Testing...
0.734375
Training...
Testing...
0.755371
Training...
Testing...
0.695801
Training...
Testing...
0.691406
Training...
Testing...
0.732422
Training...
Testing...
0.700195
Training...
Testing...
0.695801
Training...
Testing...
0.694824
Training...
Testing...
0.706055
Training...
Testing...
0.691406
Training...
Testing...
0.705078
Training...
Testing...
0.691406
Training...
Testing...
0.694824
13.047590732574463s
