Loading apps/binapps/pytorch/2.6.0-312-gpu-cu124
  Loading requirement: apps/binapps/anaconda3/2024.10
Job is using 2 GPU(s) with ID(s) 0,1 and 1 CPU core(s)
cp: -r not specified; omitting directory '/mnt/iusers01/fse-ugpgt01/compsci01/x93125tp/scratch/30040_experiments/experiment_4_draft_cbdl/batch_jobs'
cp: -r not specified; omitting directory '/mnt/iusers01/fse-ugpgt01/compsci01/x93125tp/scratch/30040_experiments/experiment_4_draft_cbdl/__pycache__'
cp: -r not specified; omitting directory '/mnt/iusers01/fse-ugpgt01/compsci01/x93125tp/scratch/30040_experiments/experiment_4_draft_cbdl/weights'
/tmp/slurm.12031902
/tmp/slurm.12031902
neurons_n: 1024
batch_n: 1024
training_epochs: 50
weights_name: None
weights_load: None
uniform_init: 0.125
random_seed: 239852
Using 2 GPUs!
11:29:40
Training...
Testing...
0.701660
Training...
Testing...
0.700195
Training...
Testing...
0.697754
Training...
Testing...
0.694824
Training...
Testing...
0.694336
Training...
Testing...
0.694336
Training...
Testing...
0.692383
Training...
Testing...
0.691406
Training...
Testing...
0.689941
Training...
Testing...
0.690430
Training...
Testing...
0.687988
Training...
Testing...
0.689453
Training...
Testing...
0.688477
Training...
Testing...
0.687500
Training...
Testing...
0.687988
Training...
Testing...
0.687988
Training...
Testing...
0.687012
Training...
Testing...
0.687500
Training...
Testing...
0.687500
Training...
Testing...
0.687500
Training...
Testing...
0.687500
Training...
Testing...
0.687012
Training...
Testing...
0.686523
Training...
Testing...
0.687500
Training...
Testing...
0.686523
Training...
Testing...
0.684570
Training...
Testing...
0.684570
Training...
Testing...
0.686523
Training...
Testing...
0.685547
Training...
Testing...
0.685059
Training...
Testing...
0.687500
Training...
Testing...
0.686523
Training...
Testing...
0.687500
Training...
Testing...
0.686035
Training...
Testing...
0.687012
Training...
Testing...
0.686035
Training...
Testing...
0.687500
Training...
Testing...
0.686035
Training...
Testing...
0.687500
Training...
Testing...
0.685547
Training...
Testing...
0.684570
Training...
Testing...
0.685547
Training...
Testing...
0.684570
Training...
Testing...
0.686035
Training...
Testing...
0.686523
Training...
Testing...
0.687500
Training...
Testing...
0.686035
Training...
Testing...
0.685059
Training...
Testing...
0.687012
Training...
Testing...
0.687012
13.181104183197021s
