Loading apps/binapps/pytorch/2.6.0-312-gpu-cu124
  Loading requirement: apps/binapps/anaconda3/2024.10
Job is using 2 GPU(s) with ID(s) 0,1 and 1 CPU core(s)
cp: -r not specified; omitting directory '/mnt/iusers01/fse-ugpgt01/compsci01/x93125tp/scratch/30040_experiments/experiment_4_draft_cbdl/batch_jobs'
cp: -r not specified; omitting directory '/mnt/iusers01/fse-ugpgt01/compsci01/x93125tp/scratch/30040_experiments/experiment_4_draft_cbdl/__pycache__'
cp: -r not specified; omitting directory '/mnt/iusers01/fse-ugpgt01/compsci01/x93125tp/scratch/30040_experiments/experiment_4_draft_cbdl/weights'
/tmp/slurm.12031906
/tmp/slurm.12031906
neurons_n: 1024
batch_n: 1024
training_epochs: 50
weights_name: None
weights_load: None
uniform_init: 0.375
random_seed: 239852
Using 2 GPUs!
11:30:34
Training...
Testing...
0.308838
Training...
Testing...
0.321045
Training...
Testing...
0.306152
Training...
Testing...
0.299072
Training...
Testing...
0.293457
Training...
Testing...
0.296387
Training...
Testing...
0.291992
Training...
Testing...
0.287354
Training...
Testing...
0.287842
Training...
Testing...
0.286865
Training...
Testing...
0.286621
Training...
Testing...
0.286133
Training...
Testing...
0.283203
Training...
Testing...
0.283447
Training...
Testing...
0.292725
Training...
Testing...
0.279785
Training...
Testing...
0.279541
Training...
Testing...
0.280029
Training...
Testing...
0.294922
Training...
Testing...
0.303223
Training...
Testing...
0.277344
Training...
Testing...
0.310791
Training...
Testing...
0.274170
Training...
Testing...
0.273926
Training...
Testing...
0.275146
Training...
Testing...
0.278076
Training...
Testing...
0.272949
Training...
Testing...
0.273926
Training...
Testing...
0.270264
Training...
Testing...
0.270752
Training...
Testing...
0.272461
Training...
Testing...
0.269531
Training...
Testing...
0.276367
Training...
Testing...
0.270508
Training...
Testing...
0.270508
Training...
Testing...
0.285645
Training...
Testing...
0.268066
Training...
Testing...
0.268799
Training...
Testing...
0.268066
Training...
Testing...
0.266602
Training...
Testing...
0.267334
Training...
Testing...
0.265869
Training...
Testing...
0.265869
Training...
Testing...
0.264404
Training...
Testing...
0.265869
Training...
Testing...
0.265625
Training...
Testing...
0.265625
Training...
Testing...
0.264526
Training...
Testing...
0.287109
Training...
Testing...
0.264038
13.249601364135742s
