Loading apps/binapps/pytorch/2.6.0-312-gpu-cu124
  Loading requirement: apps/binapps/anaconda3/2024.10
Job is using 2 GPU(s) with ID(s) 0,1 and 1 CPU core(s)
/tmp/slurm.11985229
/tmp/slurm.11985229
neurons_n: 1024
batch_n: 1024
training_epochs: 5
weights_name: None
weights_load: None
uniform_init: 0.5
Using 2 GPUs!
11:39:28
Training...
Testing...
4.492188
Training...
Testing...
20.406250
Training...
Testing...
0.469238
Training...
Testing...
0.141113
Training...
Testing...
0.142090
1.8780314922332764s
