Loading apps/binapps/pytorch/2.6.0-312-gpu-cu124
  Loading requirement: apps/binapps/anaconda3/2024.10
Job is using 2 GPU(s) with ID(s) 0,1 and 1 CPU core(s)
cp: -r not specified; omitting directory '/mnt/iusers01/fse-ugpgt01/compsci01/x93125tp/scratch/30040_experiments/experiment_4_draft_cbdl/batch_jobs'
cp: -r not specified; omitting directory '/mnt/iusers01/fse-ugpgt01/compsci01/x93125tp/scratch/30040_experiments/experiment_4_draft_cbdl/__pycache__'
cp: -r not specified; omitting directory '/mnt/iusers01/fse-ugpgt01/compsci01/x93125tp/scratch/30040_experiments/experiment_4_draft_cbdl/weights'
/tmp/slurm.12031973
/tmp/slurm.12031973
neurons_n: 1024
batch_n: 1024
training_epochs: 50
weights_name: None
weights_load: None
uniform_init: 0.5
random_seed: 268541
Using 2 GPUs!
11:32:38
Training...
Testing...
14.710938
Training...
Testing...
0.695801
Training...
Testing...
1.828125
Training...
Testing...
2.476562
Training...
Testing...
0.911621
Training...
Testing...
1.764648
Training...
Testing...
1.919922
Training...
Testing...
0.916504
Training...
Testing...
1.198242
Training...
Testing...
1.225586
Training...
Testing...
0.911621
Training...
Testing...
0.896973
Training...
Testing...
0.896973
Training...
Testing...
1.122070
Training...
Testing...
0.696289
Training...
Testing...
0.704102
Training...
Testing...
0.710449
Training...
Testing...
0.710938
Training...
Testing...
0.695312
Training...
Testing...
0.706055
Training...
Testing...
0.691406
Training...
Testing...
0.695312
Training...
Testing...
0.783691
Training...
Testing...
0.727539
Training...
Testing...
0.691406
Training...
Testing...
0.698242
Training...
Testing...
0.789062
Training...
Testing...
0.710938
Training...
Testing...
0.729004
Training...
Testing...
0.691406
Training...
Testing...
0.709961
Training...
Testing...
0.742188
Training...
Testing...
0.710449
Training...
Testing...
0.748047
Training...
Testing...
0.763672
Training...
Testing...
0.706055
Training...
Testing...
0.712891
Training...
Testing...
0.695312
Training...
Testing...
0.720215
Training...
Testing...
0.708984
Training...
Testing...
0.782227
Training...
Testing...
0.691406
Training...
Testing...
0.803711
Training...
Testing...
0.708984
Training...
Testing...
0.714844
Training...
Testing...
0.736816
Training...
Testing...
0.703613
Training...
Testing...
0.691406
Training...
Testing...
0.694824
Training...
Testing...
0.703125
12.918174028396606s
