Loading apps/binapps/pytorch/2.6.0-312-gpu-cu124
  Loading requirement: apps/binapps/anaconda3/2024.10
Job is using 2 GPU(s) with ID(s) 0,1 and 1 CPU core(s)
cp: -r not specified; omitting directory '/mnt/iusers01/fse-ugpgt01/compsci01/x93125tp/scratch/30040_experiments/experiment_4_draft_cbdl/batch_jobs'
cp: -r not specified; omitting directory '/mnt/iusers01/fse-ugpgt01/compsci01/x93125tp/scratch/30040_experiments/experiment_4_draft_cbdl/__pycache__'
cp: -r not specified; omitting directory '/mnt/iusers01/fse-ugpgt01/compsci01/x93125tp/scratch/30040_experiments/experiment_4_draft_cbdl/weights'
/tmp/slurm.12031883
/tmp/slurm.12031883
neurons_n: 1024
batch_n: 1024
training_epochs: 50
weights_name: None
weights_load: None
uniform_init: 0.5
random_seed: 290470
Using 2 GPUs!
11:28:30
Training...
Testing...
1.142578
Training...
Testing...
1.504883
Training...
Testing...
1.981445
Training...
Testing...
1.199219
Training...
Testing...
0.976074
Training...
Testing...
0.817871
Training...
Testing...
1.007324
Training...
Testing...
0.768555
Training...
Testing...
1.211914
Training...
Testing...
0.965332
Training...
Testing...
1.151367
Training...
Testing...
0.701660
Training...
Testing...
0.694336
Training...
Testing...
0.699707
Training...
Testing...
0.695312
Training...
Testing...
0.694336
Training...
Testing...
0.694824
Training...
Testing...
0.691406
Training...
Testing...
0.752930
Training...
Testing...
0.722168
Training...
Testing...
0.692871
Training...
Testing...
0.702637
Training...
Testing...
0.802734
Training...
Testing...
0.694824
Training...
Testing...
0.768066
Training...
Testing...
0.694824
Training...
Testing...
0.739258
Training...
Testing...
0.736328
Training...
Testing...
0.707520
Training...
Testing...
0.709473
Training...
Testing...
0.703125
Training...
Testing...
0.702148
Training...
Testing...
0.694336
Training...
Testing...
0.714844
Training...
Testing...
0.721191
Training...
Testing...
0.691406
Training...
Testing...
0.708496
Training...
Testing...
0.731445
Training...
Testing...
0.737305
Training...
Testing...
0.864258
Training...
Testing...
0.708496
Training...
Testing...
0.705566
Training...
Testing...
0.729492
Training...
Testing...
0.698242
Training...
Testing...
0.846191
Training...
Testing...
0.703125
Training...
Testing...
0.697266
Training...
Testing...
0.695801
Training...
Testing...
0.705078
Training...
Testing...
0.693848
12.998518705368042s
