Loading apps/binapps/pytorch/2.6.0-312-gpu-cu124
  Loading requirement: apps/binapps/anaconda3/2024.10
Job is using 2 GPU(s) with ID(s) 0,1 and 1 CPU core(s)
/tmp/slurm.11985228
/tmp/slurm.11985228
neurons_n: 1024
batch_n: 1024
training_epochs: 5
weights_name: None
weights_load: None
uniform_init: 0.25
Using 2 GPUs!
11:39:16
Training...
Testing...
0.620605
Training...
Testing...
0.586914
Training...
Testing...
0.564453
Training...
Testing...
0.547852
Training...
Testing...
0.540527
1.8741717338562012s
