Loading apps/binapps/pytorch/2.6.0-312-gpu-cu124
  Loading requirement: apps/binapps/anaconda3/2024.10
Job is using 2 GPU(s) with ID(s) 0,1 and 1 CPU core(s)
cp: -r not specified; omitting directory '/mnt/iusers01/fse-ugpgt01/compsci01/x93125tp/scratch/30040_experiments/experiment_4_draft_cbdl/batch_jobs'
cp: -r not specified; omitting directory '/mnt/iusers01/fse-ugpgt01/compsci01/x93125tp/scratch/30040_experiments/experiment_4_draft_cbdl/__pycache__'
cp: -r not specified; omitting directory '/mnt/iusers01/fse-ugpgt01/compsci01/x93125tp/scratch/30040_experiments/experiment_4_draft_cbdl/weights'
/tmp/slurm.12031970
/tmp/slurm.12031970
neurons_n: 1024
batch_n: 1024
training_epochs: 50
weights_name: None
weights_load: None
uniform_init: 0.5
random_seed: 160360
Using 2 GPUs!
11:32:07
Training...
Testing...
26.125000
Training...
Testing...
1.299805
Training...
Testing...
0.728516
Training...
Testing...
5.703125
Training...
Testing...
7.664062
Training...
Testing...
1.587891
Training...
Testing...
1.138672
Training...
Testing...
1.312500
Training...
Testing...
1.558594
Training...
Testing...
1.458008
Training...
Testing...
1.219727
Training...
Testing...
0.981445
Training...
Testing...
0.722656
Training...
Testing...
0.956055
Training...
Testing...
0.701660
Training...
Testing...
0.695312
Training...
Testing...
0.695312
Training...
Testing...
0.710449
Training...
Testing...
0.722656
Training...
Testing...
0.699707
Training...
Testing...
0.809082
Training...
Testing...
0.908203
Training...
Testing...
0.800781
Training...
Testing...
0.746582
Training...
Testing...
0.694336
Training...
Testing...
0.759766
Training...
Testing...
0.705566
Training...
Testing...
0.706055
Training...
Testing...
0.836914
Training...
Testing...
0.721191
Training...
Testing...
0.700195
Training...
Testing...
0.738770
Training...
Testing...
0.709961
Training...
Testing...
0.774414
Training...
Testing...
0.695312
Training...
Testing...
0.694824
Training...
Testing...
0.704102
Training...
Testing...
0.693359
Training...
Testing...
0.706543
Training...
Testing...
0.695312
Training...
Testing...
0.691406
Training...
Testing...
0.727051
Training...
Testing...
0.711426
Training...
Testing...
0.839844
Training...
Testing...
0.703613
Training...
Testing...
0.699707
Training...
Testing...
0.694824
Training...
Testing...
0.710938
Training...
Testing...
0.695312
Training...
Testing...
0.694336
13.339775800704956s
