Loading apps/binapps/pytorch/2.6.0-312-gpu-cu124
  Loading requirement: apps/binapps/anaconda3/2024.10
Job is using 2 GPU(s) with ID(s) 0,1 and 1 CPU core(s)
cp: -r not specified; omitting directory '/mnt/iusers01/fse-ugpgt01/compsci01/x93125tp/scratch/30040_experiments/experiment_4_draft_cbdl/batch_jobs'
cp: -r not specified; omitting directory '/mnt/iusers01/fse-ugpgt01/compsci01/x93125tp/scratch/30040_experiments/experiment_4_draft_cbdl/__pycache__'
cp: -r not specified; omitting directory '/mnt/iusers01/fse-ugpgt01/compsci01/x93125tp/scratch/30040_experiments/experiment_4_draft_cbdl/weights'
/tmp/slurm.12031972
/tmp/slurm.12031972
neurons_n: 1024
batch_n: 1024
training_epochs: 50
weights_name: None
weights_load: None
uniform_init: 0.5
random_seed: 192338
Using 2 GPUs!
11:32:38
Training...
Testing...
3.441406
Training...
Testing...
4.582031
Training...
Testing...
1.047852
Training...
Testing...
1.449219
Training...
Testing...
2.143555
Training...
Testing...
1.345703
Training...
Testing...
1.128906
Training...
Testing...
1.946289
Training...
Testing...
0.812012
Training...
Testing...
0.726562
Training...
Testing...
1.298828
Training...
Testing...
1.199219
Training...
Testing...
0.799316
Training...
Testing...
0.691406
Training...
Testing...
0.724609
Training...
Testing...
0.695801
Training...
Testing...
0.770508
Training...
Testing...
0.703125
Training...
Testing...
0.711426
Training...
Testing...
0.695312
Training...
Testing...
0.720215
Training...
Testing...
0.697266
Training...
Testing...
0.701172
Training...
Testing...
0.802246
Training...
Testing...
0.695801
Training...
Testing...
0.698242
Training...
Testing...
0.702148
Training...
Testing...
0.697754
Training...
Testing...
0.694824
Training...
Testing...
0.692383
Training...
Testing...
0.786133
Training...
Testing...
0.716797
Training...
Testing...
0.698730
Training...
Testing...
0.724121
Training...
Testing...
0.704102
Training...
Testing...
0.728516
Training...
Testing...
0.695312
Training...
Testing...
0.705078
Training...
Testing...
0.695801
Training...
Testing...
0.696777
Training...
Testing...
0.770996
Training...
Testing...
0.747070
Training...
Testing...
0.691406
Training...
Testing...
0.721680
Training...
Testing...
0.693848
Training...
Testing...
0.700195
Training...
Testing...
0.691406
Training...
Testing...
0.710938
Training...
Testing...
0.694824
Training...
Testing...
0.700684
13.404447078704834s
