Loading apps/binapps/pytorch/2.6.0-312-gpu-cu124
  Loading requirement: apps/binapps/anaconda3/2024.10
Job is using 2 GPU(s) with ID(s) 0,1 and 1 CPU core(s)
/tmp/slurm.11985278
/tmp/slurm.11985278
neurons_n: 1024
batch_n: 1024
training_epochs: 25
weights_name: None
weights_load: None
uniform_init: 0.75
Using 2 GPUs!
11:49:28
Training...
Testing...
27.609375
Training...
Testing...
27.609375
Training...
Testing...
27.640625
Training...
Testing...
27.609375
Training...
Testing...
27.593750
Training...
Testing...
27.625000
Training...
Testing...
27.656250
Training...
Testing...
27.609375
Training...
Testing...
27.625000
Training...
Testing...
27.609375
Training...
Testing...
27.640625
Training...
Testing...
27.625000
Training...
Testing...
27.593750
Training...
Testing...
27.578125
Training...
Testing...
27.640625
Training...
Testing...
27.625000
Training...
Testing...
27.625000
Training...
Testing...
27.640625
Training...
Testing...
27.609375
Training...
Testing...
27.578125
Training...
Testing...
27.609375
Training...
Testing...
27.656250
Training...
Testing...
27.625000
Training...
Testing...
27.625000
Training...
Testing...
27.656250
6.8715150356292725s
