Loading apps/binapps/pytorch/2.6.0-312-gpu-cu124
  Loading requirement: apps/binapps/anaconda3/2024.10
Job is using 2 GPU(s) with ID(s) 0,1 and 1 CPU core(s)
/tmp/slurm.11985277
/tmp/slurm.11985277
neurons_n: 1024
batch_n: 1024
training_epochs: 25
weights_name: None
weights_load: None
uniform_init: 0.5
Using 2 GPUs!
11:49:28
Training...
Testing...
4.492188
Training...
Testing...
20.406250
Training...
Testing...
0.469238
Training...
Testing...
0.141113
Training...
Testing...
0.142090
Training...
Testing...
0.140503
Training...
Testing...
0.162476
Training...
Testing...
0.144958
Training...
Testing...
0.140381
Training...
Testing...
0.146729
Training...
Testing...
0.139893
Training...
Testing...
0.139160
Training...
Testing...
0.139099
Training...
Testing...
0.146484
Training...
Testing...
0.140991
Training...
Testing...
0.139526
Training...
Testing...
0.137329
Training...
Testing...
0.135376
Training...
Testing...
0.146851
Training...
Testing...
0.174438
Training...
Testing...
0.138428
Training...
Testing...
0.143433
Training...
Testing...
0.139526
Training...
Testing...
0.138916
Training...
Testing...
0.138794
7.03583025932312s
