Loading apps/binapps/pytorch/2.6.0-312-gpu-cu124
  Loading requirement: apps/binapps/anaconda3/2024.10
Job is using 2 GPU(s) with ID(s) 0,1 and 1 CPU core(s)
/tmp/slurm.11985275
/tmp/slurm.11985275
neurons_n: 1024
batch_n: 1024
training_epochs: 25
weights_name: None
weights_load: None
uniform_init: 0.0
Using 2 GPUs!
11:49:09
Training...
Testing...
0.691406
Training...
Testing...
0.691406
Training...
Testing...
0.691406
Training...
Testing...
0.691406
Training...
Testing...
0.691406
Training...
Testing...
0.691406
Training...
Testing...
0.691406
Training...
Testing...
0.691406
Training...
Testing...
0.691406
Training...
Testing...
0.691406
Training...
Testing...
0.691406
Training...
Testing...
0.691406
Training...
Testing...
0.691406
Training...
Testing...
0.691406
Training...
Testing...
0.691406
Training...
Testing...
0.691406
Training...
Testing...
0.691406
Training...
Testing...
0.691406
Training...
Testing...
0.691406
Training...
Testing...
0.691406
Training...
Testing...
0.691406
Training...
Testing...
0.691406
Training...
Testing...
0.691406
Training...
Testing...
0.691406
Training...
Testing...
0.691406
6.865540266036987s
